Determining if the function itoa exists failed with the following output:
Change Dir: /Users/gdb/openai/doom-py/doom_py/CMakeFiles/CMakeTmp

Run Build Command:"/usr/bin/make" "cmTryCompileExec1935338108/fast"
/Applications/Xcode.app/Contents/Developer/usr/bin/make -f CMakeFiles/cmTryCompileExec1935338108.dir/build.make CMakeFiles/cmTryCompileExec1935338108.dir/build
/usr/local/Cellar/cmake/3.2.3/bin/cmake -E cmake_progress_report /Users/gdb/openai/doom-py/doom_py/CMakeFiles/CMakeTmp/CMakeFiles 1
Building C object CMakeFiles/cmTryCompileExec1935338108.dir/CheckFunctionExists.c.o
/Applications/Xcode.app/Contents/Developer/Toolchains/XcodeDefault.xctoolchain/usr/bin/cc   -Wall -Wno-pointer-sign -Wno-uninitialized -Wno-unused-but-set-variable -DCHECK_FUNCTION_EXISTS=itoa   -o CMakeFiles/cmTryCompileExec1935338108.dir/CheckFunctionExists.c.o   -c /usr/local/Cellar/cmake/3.2.3/share/cmake/Modules/CheckFunctionExists.c
warning: unknown warning option '-Wno-unused-but-set-variable'; did you mean '-Wno-unused-const-variable'? [-Wunknown-warning-option]
1 warning generated.
Linking C executable cmTryCompileExec1935338108
/usr/local/Cellar/cmake/3.2.3/bin/cmake -E cmake_link_script CMakeFiles/cmTryCompileExec1935338108.dir/link.txt --verbose=1
/Applications/Xcode.app/Contents/Developer/Toolchains/XcodeDefault.xctoolchain/usr/bin/cc    -Wall -Wno-pointer-sign -Wno-uninitialized -Wno-unused-but-set-variable -DCHECK_FUNCTION_EXISTS=itoa -Wl,-search_paths_first -Wl,-headerpad_max_install_names   CMakeFiles/cmTryCompileExec1935338108.dir/CheckFunctionExists.c.o  -o cmTryCompileExec1935338108  
Undefined symbols for architecture x86_64:
  "_itoa", referenced from:
      _main in CheckFunctionExists.c.o
ld: symbol(s) not found for architecture x86_64
clang: error: linker command failed with exit code 1 (use -v to see invocation)
make[1]: *** [cmTryCompileExec1935338108] Error 1
make: *** [cmTryCompileExec1935338108/fast] Error 2


Determining if the function filelength exists failed with the following output:
Change Dir: /Users/gdb/openai/doom-py/doom_py/CMakeFiles/CMakeTmp

Run Build Command:"/usr/bin/make" "cmTryCompileExec2704838848/fast"
/Applications/Xcode.app/Contents/Developer/usr/bin/make -f CMakeFiles/cmTryCompileExec2704838848.dir/build.make CMakeFiles/cmTryCompileExec2704838848.dir/build
/usr/local/Cellar/cmake/3.2.3/bin/cmake -E cmake_progress_report /Users/gdb/openai/doom-py/doom_py/CMakeFiles/CMakeTmp/CMakeFiles 1
Building C object CMakeFiles/cmTryCompileExec2704838848.dir/CheckFunctionExists.c.o
/Applications/Xcode.app/Contents/Developer/Toolchains/XcodeDefault.xctoolchain/usr/bin/cc   -Wall -Wextra -Wno-unused -Wno-unused-parameter -Wno-missing-field-initializers -Wno-unused-result   -DCHECK_FUNCTION_EXISTS=filelength   -o CMakeFiles/cmTryCompileExec2704838848.dir/CheckFunctionExists.c.o   -c /usr/local/Cellar/cmake/3.2.3/share/cmake/Modules/CheckFunctionExists.c
Linking C executable cmTryCompileExec2704838848
/usr/local/Cellar/cmake/3.2.3/bin/cmake -E cmake_link_script CMakeFiles/cmTryCompileExec2704838848.dir/link.txt --verbose=1
/Applications/Xcode.app/Contents/Developer/Toolchains/XcodeDefault.xctoolchain/usr/bin/cc  -Wall -Wextra -Wno-unused -Wno-unused-parameter -Wno-missing-field-initializers -Wno-unused-result   -DCHECK_FUNCTION_EXISTS=filelength -Wl,-search_paths_first -Wl,-headerpad_max_install_names   CMakeFiles/cmTryCompileExec2704838848.dir/CheckFunctionExists.c.o  -o cmTryCompileExec2704838848  
Undefined symbols for architecture x86_64:
  "_filelength", referenced from:
      _main in CheckFunctionExists.c.o
ld: symbol(s) not found for architecture x86_64
clang: error: linker command failed with exit code 1 (use -v to see invocation)
make[1]: *** [cmTryCompileExec2704838848] Error 1
make: *** [cmTryCompileExec2704838848/fast] Error 2


Determining if the function strupr exists failed with the following output:
Change Dir: /Users/gdb/openai/doom-py/doom_py/CMakeFiles/CMakeTmp

Run Build Command:"/usr/bin/make" "cmTryCompileExec718551697/fast"
/Applications/Xcode.app/Contents/Developer/usr/bin/make -f CMakeFiles/cmTryCompileExec718551697.dir/build.make CMakeFiles/cmTryCompileExec718551697.dir/build
/usr/local/Cellar/cmake/3.2.3/bin/cmake -E cmake_progress_report /Users/gdb/openai/doom-py/doom_py/CMakeFiles/CMakeTmp/CMakeFiles 1
Building C object CMakeFiles/cmTryCompileExec718551697.dir/CheckFunctionExists.c.o
/Applications/Xcode.app/Contents/Developer/Toolchains/XcodeDefault.xctoolchain/usr/bin/cc   -Wall -Wextra -Wno-unused -Wno-unused-parameter -Wno-missing-field-initializers -Wno-unused-result   -DCHECK_FUNCTION_EXISTS=strupr   -o CMakeFiles/cmTryCompileExec718551697.dir/CheckFunctionExists.c.o   -c /usr/local/Cellar/cmake/3.2.3/share/cmake/Modules/CheckFunctionExists.c
Linking C executable cmTryCompileExec718551697
/usr/local/Cellar/cmake/3.2.3/bin/cmake -E cmake_link_script CMakeFiles/cmTryCompileExec718551697.dir/link.txt --verbose=1
/Applications/Xcode.app/Contents/Developer/Toolchains/XcodeDefault.xctoolchain/usr/bin/cc  -Wall -Wextra -Wno-unused -Wno-unused-parameter -Wno-missing-field-initializers -Wno-unused-result   -DCHECK_FUNCTION_EXISTS=strupr -Wl,-search_paths_first -Wl,-headerpad_max_install_names   CMakeFiles/cmTryCompileExec718551697.dir/CheckFunctionExists.c.o  -o cmTryCompileExec718551697  
Undefined symbols for architecture x86_64:
  "_strupr", referenced from:
      _main in CheckFunctionExists.c.o
ld: symbol(s) not found for architecture x86_64
clang: error: linker command failed with exit code 1 (use -v to see invocation)
make[1]: *** [cmTryCompileExec718551697] Error 1
make: *** [cmTryCompileExec718551697/fast] Error 2


Determining if the function stricmp exists failed with the following output:
Change Dir: /Users/gdb/openai/doom-py/doom_py/CMakeFiles/CMakeTmp

Run Build Command:"/usr/bin/make" "cmTryCompileExec1515088146/fast"
/Applications/Xcode.app/Contents/Developer/usr/bin/make -f CMakeFiles/cmTryCompileExec1515088146.dir/build.make CMakeFiles/cmTryCompileExec1515088146.dir/build
/usr/local/Cellar/cmake/3.2.3/bin/cmake -E cmake_progress_report /Users/gdb/openai/doom-py/doom_py/CMakeFiles/CMakeTmp/CMakeFiles 1
Building C object CMakeFiles/cmTryCompileExec1515088146.dir/CheckFunctionExists.c.o
/Applications/Xcode.app/Contents/Developer/Toolchains/XcodeDefault.xctoolchain/usr/bin/cc   -Wall -Wextra -Wno-unused -Wno-unused-parameter -Wno-missing-field-initializers -Wno-unused-result   -DCHECK_FUNCTION_EXISTS=stricmp   -o CMakeFiles/cmTryCompileExec1515088146.dir/CheckFunctionExists.c.o   -c /usr/local/Cellar/cmake/3.2.3/share/cmake/Modules/CheckFunctionExists.c
Linking C executable cmTryCompileExec1515088146
/usr/local/Cellar/cmake/3.2.3/bin/cmake -E cmake_link_script CMakeFiles/cmTryCompileExec1515088146.dir/link.txt --verbose=1
/Applications/Xcode.app/Contents/Developer/Toolchains/XcodeDefault.xctoolchain/usr/bin/cc  -Wall -Wextra -Wno-unused -Wno-unused-parameter -Wno-missing-field-initializers -Wno-unused-result   -DCHECK_FUNCTION_EXISTS=stricmp -Wl,-search_paths_first -Wl,-headerpad_max_install_names   CMakeFiles/cmTryCompileExec1515088146.dir/CheckFunctionExists.c.o  -o cmTryCompileExec1515088146  
Undefined symbols for architecture x86_64:
  "_stricmp", referenced from:
      _main in CheckFunctionExists.c.o
ld: symbol(s) not found for architecture x86_64
clang: error: linker command failed with exit code 1 (use -v to see invocation)
make[1]: *** [cmTryCompileExec1515088146] Error 1
make: *** [cmTryCompileExec1515088146/fast] Error 2


Determining if the function strnicmp exists failed with the following output:
Change Dir: /Users/gdb/openai/doom-py/doom_py/CMakeFiles/CMakeTmp

Run Build Command:"/usr/bin/make" "cmTryCompileExec2854910160/fast"
/Applications/Xcode.app/Contents/Developer/usr/bin/make -f CMakeFiles/cmTryCompileExec2854910160.dir/build.make CMakeFiles/cmTryCompileExec2854910160.dir/build
/usr/local/Cellar/cmake/3.2.3/bin/cmake -E cmake_progress_report /Users/gdb/openai/doom-py/doom_py/CMakeFiles/CMakeTmp/CMakeFiles 1
Building C object CMakeFiles/cmTryCompileExec2854910160.dir/CheckFunctionExists.c.o
/Applications/Xcode.app/Contents/Developer/Toolchains/XcodeDefault.xctoolchain/usr/bin/cc   -Wall -Wextra -Wno-unused -Wno-unused-parameter -Wno-missing-field-initializers -Wno-unused-result   -DCHECK_FUNCTION_EXISTS=strnicmp   -o CMakeFiles/cmTryCompileExec2854910160.dir/CheckFunctionExists.c.o   -c /usr/local/Cellar/cmake/3.2.3/share/cmake/Modules/CheckFunctionExists.c
Linking C executable cmTryCompileExec2854910160
/usr/local/Cellar/cmake/3.2.3/bin/cmake -E cmake_link_script CMakeFiles/cmTryCompileExec2854910160.dir/link.txt --verbose=1
/Applications/Xcode.app/Contents/Developer/Toolchains/XcodeDefault.xctoolchain/usr/bin/cc  -Wall -Wextra -Wno-unused -Wno-unused-parameter -Wno-missing-field-initializers -Wno-unused-result   -DCHECK_FUNCTION_EXISTS=strnicmp -Wl,-search_paths_first -Wl,-headerpad_max_install_names   CMakeFiles/cmTryCompileExec2854910160.dir/CheckFunctionExists.c.o  -o cmTryCompileExec2854910160  
Undefined symbols for architecture x86_64:
  "_strnicmp", referenced from:
      _main in CheckFunctionExists.c.o
ld: symbol(s) not found for architecture x86_64
clang: error: linker command failed with exit code 1 (use -v to see invocation)
make[1]: *** [cmTryCompileExec2854910160] Error 1
make: *** [cmTryCompileExec2854910160/fast] Error 2


Determining if the function clock_gettime exists in the rt failed with the following output:
Change Dir: /Users/gdb/openai/doom-py/doom_py/CMakeFiles/CMakeTmp

Run Build Command:"/usr/bin/make" "cmTryCompileExec2079354938/fast"
/Applications/Xcode.app/Contents/Developer/usr/bin/make -f CMakeFiles/cmTryCompileExec2079354938.dir/build.make CMakeFiles/cmTryCompileExec2079354938.dir/build
/usr/local/Cellar/cmake/3.2.3/bin/cmake -E cmake_progress_report /Users/gdb/openai/doom-py/doom_py/CMakeFiles/CMakeTmp/CMakeFiles 1
Building C object CMakeFiles/cmTryCompileExec2079354938.dir/CheckFunctionExists.c.o
/Applications/Xcode.app/Contents/Developer/Toolchains/XcodeDefault.xctoolchain/usr/bin/cc   -Wall -Wextra -Wno-unused -Wno-unused-parameter -Wno-missing-field-initializers -Wno-unused-result   -DCHECK_FUNCTION_EXISTS=clock_gettime   -o CMakeFiles/cmTryCompileExec2079354938.dir/CheckFunctionExists.c.o   -c /usr/local/Cellar/cmake/3.2.3/share/cmake/Modules/CheckFunctionExists.c
Linking C executable cmTryCompileExec2079354938
/usr/local/Cellar/cmake/3.2.3/bin/cmake -E cmake_link_script CMakeFiles/cmTryCompileExec2079354938.dir/link.txt --verbose=1
/Applications/Xcode.app/Contents/Developer/Toolchains/XcodeDefault.xctoolchain/usr/bin/cc  -Wall -Wextra -Wno-unused -Wno-unused-parameter -Wno-missing-field-initializers -Wno-unused-result   -DCHECK_FUNCTION_EXISTS=clock_gettime -Wl,-search_paths_first -Wl,-headerpad_max_install_names   CMakeFiles/cmTryCompileExec2079354938.dir/CheckFunctionExists.c.o  -o cmTryCompileExec2079354938  -lrt 
ld: library not found for -lrt
clang: error: linker command failed with exit code 1 (use -v to see invocation)
make[1]: *** [cmTryCompileExec2079354938] Error 1
make: *** [cmTryCompileExec2079354938/fast] Error 2


Determining if the function clock_gettime exists failed with the following output:
Change Dir: /Users/gdb/openai/doom-py/doom_py/CMakeFiles/CMakeTmp

Run Build Command:"/usr/bin/make" "cmTryCompileExec3794279600/fast"
/Applications/Xcode.app/Contents/Developer/usr/bin/make -f CMakeFiles/cmTryCompileExec3794279600.dir/build.make CMakeFiles/cmTryCompileExec3794279600.dir/build
/usr/local/Cellar/cmake/3.2.3/bin/cmake -E cmake_progress_report /Users/gdb/openai/doom-py/doom_py/CMakeFiles/CMakeTmp/CMakeFiles 1
Building C object CMakeFiles/cmTryCompileExec3794279600.dir/CheckFunctionExists.c.o
/Applications/Xcode.app/Contents/Developer/Toolchains/XcodeDefault.xctoolchain/usr/bin/cc   -Wall -Wextra -Wno-unused -Wno-unused-parameter -Wno-missing-field-initializers -Wno-unused-result   -DCHECK_FUNCTION_EXISTS=clock_gettime   -o CMakeFiles/cmTryCompileExec3794279600.dir/CheckFunctionExists.c.o   -c /usr/local/Cellar/cmake/3.2.3/share/cmake/Modules/CheckFunctionExists.c
Linking C executable cmTryCompileExec3794279600
/usr/local/Cellar/cmake/3.2.3/bin/cmake -E cmake_link_script CMakeFiles/cmTryCompileExec3794279600.dir/link.txt --verbose=1
/Applications/Xcode.app/Contents/Developer/Toolchains/XcodeDefault.xctoolchain/usr/bin/cc  -Wall -Wextra -Wno-unused -Wno-unused-parameter -Wno-missing-field-initializers -Wno-unused-result   -DCHECK_FUNCTION_EXISTS=clock_gettime -Wl,-search_paths_first -Wl,-headerpad_max_install_names   CMakeFiles/cmTryCompileExec3794279600.dir/CheckFunctionExists.c.o  -o cmTryCompileExec3794279600  
Undefined symbols for architecture x86_64:
  "_clock_gettime", referenced from:
      _main in CheckFunctionExists.c.o
ld: symbol(s) not found for architecture x86_64
clang: error: linker command failed with exit code 1 (use -v to see invocation)
make[1]: *** [cmTryCompileExec3794279600] Error 1
make: *** [cmTryCompileExec3794279600/fast] Error 2


